# JRE version: OpenJDK Runtime Environment Microsoft-8035246 (17.0.8+7) (build 17.0.8+7-LTS)
# Java VM: OpenJDK 64-Bit Server VM Microsoft-8035246 (17.0.8+7-LTS, mixed mode, sharing, tiered, compressed oops, compressed class ptrs, g1 gc, windows-amd64)
GC Precious Log:
 CPUs: 8 total, 8 available
 Memory: 8029M
 Large Page Support: Disabled
 NUMA Support: Disabled
 Compressed Oops: Enabled (32-bit)
 Heap Region Size: 1M
 Heap Min Capacity: 8M
 Heap Initial Capacity: 126M
 Heap Max Capacity: 2G
 Pre-touch: Disabled
 Parallel Workers: 8
 Concurrent Workers: 2
 Concurrent Refinement Workers: 8
 Periodic GC: Disabled
Heap:
 garbage-first heap   total 475136K, used 405705K [0x0000000080000000, 0x0000000100000000)
  region size 1024K, 54 young (55296K), 2 survivors (2048K)
 Metaspace       used 121594K, committed 123520K, reserved 557056K
  class space    used 16444K, committed 17344K, reserved 425984K
GC Heap History (20 events):
Event: 422.808 GC heap before
{Heap before GC invocations=60 (full 0):
 garbage-first heap   total 406528K, used 341677K [0x0000000080000000, 0x0000000100000000)
  region size 1024K, 60 young (61440K), 10 survivors (10240K)
 Metaspace       used 120785K, committed 122688K, reserved 557056K
  class space    used 16418K, committed 17280K, reserved 425984K
}
Event: 422.827 GC heap after
{Heap after GC invocations=61 (full 0):
 garbage-first heap   total 406528K, used 302726K [0x0000000080000000, 0x0000000100000000)
  region size 1024K, 8 young (8192K), 8 survivors (8192K)
 Metaspace       used 120785K, committed 122688K, reserved 557056K
  class space    used 16418K, committed 17280K, reserved 425984K
}
Event: 423.178 GC heap before
{Heap before GC invocations=61 (full 0):
 garbage-first heap   total 406528K, used 343686K [0x0000000080000000, 0x0000000100000000)
  region size 1024K, 48 young (49152K), 8 survivors (8192K)
 Metaspace       used 120897K, committed 122752K, reserved 557056K
  class space    used 16423K, committed 17280K, reserved 425984K
}
Event: 423.191 GC heap after
{Heap after GC invocations=62 (full 0):
 garbage-first heap   total 406528K, used 311244K [0x0000000080000000, 0x0000000100000000)
  region size 1024K, 6 young (6144K), 6 survivors (6144K)
 Metaspace       used 120897K, committed 122752K, reserved 557056K
  class space    used 16423K, committed 17280K, reserved 425984K
}
Event: 423.463 GC heap before
{Heap before GC invocations=62 (full 0):
 garbage-first heap   total 406528K, used 347084K [0x0000000080000000, 0x0000000100000000)
  region size 1024K, 41 young (41984K), 6 survivors (6144K)
 Metaspace       used 121008K, committed 122880K, reserved 557056K
  class space    used 16431K, committed 17280K, reserved 425984K
}
Event: 423.474 GC heap after
{Heap after GC invocations=63 (full 0):
 garbage-first heap   total 406528K, used 318978K [0x0000000080000000, 0x0000000100000000)
  region size 1024K, 6 young (6144K), 6 survivors (6144K)
 Metaspace       used 121008K, committed 122880K, reserved 557056K
  class space    used 16431K, committed 17280K, reserved 425984K
}
Event: 423.744 GC heap before
{Heap before GC invocations=63 (full 0):
 garbage-first heap   total 406528K, used 348674K [0x0000000080000000, 0x0000000100000000)
  region size 1024K, 35 young (35840K), 6 survivors (6144K)
 Metaspace       used 121119K, committed 123008K, reserved 557056K
  class space    used 16431K, committed 17280K, reserved 425984K
}
Event: 423.757 GC heap after
{Heap after GC invocations=64 (full 0):
 garbage-first heap   total 406528K, used 324571K [0x0000000080000000, 0x0000000100000000)
  region size 1024K, 5 young (5120K), 5 survivors (5120K)
 Metaspace       used 121119K, committed 123008K, reserved 557056K
  class space    used 16431K, committed 17280K, reserved 425984K
}
Event: 423.954 GC heap before
{Heap before GC invocations=64 (full 0):
 garbage-first heap   total 406528K, used 351195K [0x0000000080000000, 0x0000000100000000)
  region size 1024K, 31 young (31744K), 5 survivors (5120K)
 Metaspace       used 121198K, committed 123072K, reserved 557056K
  class space    used 16431K, committed 17280K, reserved 425984K
}
Event: 423.966 GC heap after
{Heap after GC invocations=65 (full 0):
 garbage-first heap   total 406528K, used 331938K [0x0000000080000000, 0x0000000100000000)
  region size 1024K, 4 young (4096K), 4 survivors (4096K)
 Metaspace       used 121198K, committed 123072K, reserved 557056K
  class space    used 16431K, committed 17280K, reserved 425984K
}
Event: 424.063 GC heap before
{Heap before GC invocations=65 (full 0):
 garbage-first heap   total 406528K, used 351394K [0x0000000080000000, 0x0000000100000000)
  region size 1024K, 23 young (23552K), 4 survivors (4096K)
 Metaspace       used 121222K, committed 123072K, reserved 557056K
  class space    used 16431K, committed 17280K, reserved 425984K
}
Event: 424.071 GC heap after
{Heap after GC invocations=66 (full 0):
 garbage-first heap   total 475136K, used 336246K [0x0000000080000000, 0x0000000100000000)
  region size 1024K, 3 young (3072K), 3 survivors (3072K)
 Metaspace       used 121222K, committed 123072K, reserved 557056K
  class space    used 16431K, committed 17280K, reserved 425984K
}
Event: 424.367 GC heap before
{Heap before GC invocations=66 (full 0):
 garbage-first heap   total 475136K, used 393590K [0x0000000080000000, 0x0000000100000000)
  region size 1024K, 59 young (60416K), 3 survivors (3072K)
 Metaspace       used 121303K, committed 123200K, reserved 557056K
  class space    used 16433K, committed 17280K, reserved 425984K
}
Event: 424.377 GC heap after
{Heap after GC invocations=67 (full 0):
 garbage-first heap   total 475136K, used 341343K [0x0000000080000000, 0x0000000100000000)
  region size 1024K, 8 young (8192K), 8 survivors (8192K)
 Metaspace       used 121303K, committed 123200K, reserved 557056K
  class space    used 16433K, committed 17280K, reserved 425984K
}
Event: 424.634 GC heap before
{Heap before GC invocations=67 (full 0):
 garbage-first heap   total 475136K, used 397663K [0x0000000080000000, 0x0000000100000000)
  region size 1024K, 63 young (64512K), 8 survivors (8192K)
 Metaspace       used 121358K, committed 123264K, reserved 557056K
  class space    used 16438K, committed 17280K, reserved 425984K
}
Event: 424.645 GC heap after
{Heap after GC invocations=68 (full 0):
 garbage-first heap   total 475136K, used 346616K [0x0000000080000000, 0x0000000100000000)
  region size 1024K, 6 young (6144K), 6 survivors (6144K)
 Metaspace       used 121358K, committed 123264K, reserved 557056K
  class space    used 16438K, committed 17280K, reserved 425984K
}
Event: 424.832 GC heap before
{Heap before GC invocations=68 (full 0):
 garbage-first heap   total 475136K, used 400888K [0x0000000080000000, 0x0000000100000000)
  region size 1024K, 59 young (60416K), 6 survivors (6144K)
 Metaspace       used 121409K, committed 123328K, reserved 557056K
  class space    used 16440K, committed 17344K, reserved 425984K
}
Event: 424.842 GC heap after
{Heap after GC invocations=69 (full 0):
 garbage-first heap   total 475136K, used 352923K [0x0000000080000000, 0x0000000100000000)
  region size 1024K, 7 young (7168K), 7 survivors (7168K)
 Metaspace       used 121409K, committed 123328K, reserved 557056K
  class space    used 16440K, committed 17344K, reserved 425984K
}
Event: 424.992 GC heap before
{Heap before GC invocations=69 (full 0):
 garbage-first heap   total 475136K, used 404123K [0x0000000080000000, 0x0000000100000000)
  region size 1024K, 57 young (58368K), 7 survivors (7168K)
 Metaspace       used 121432K, committed 123392K, reserved 557056K
  class space    used 16440K, committed 17344K, reserved 425984K
}
Event: 424.998 GC heap after
{Heap after GC invocations=70 (full 0):
 garbage-first heap   total 475136K, used 354505K [0x0000000080000000, 0x0000000100000000)
  region size 1024K, 2 young (2048K), 2 survivors (2048K)
 Metaspace       used 121432K, committed 123392K, reserved 557056K
  class space    used 16440K, committed 17344K, reserved 425984K
}

